{"uuid":"4ee9d694-4c8f-47ec-adb9-6da79d6811d2","historyId":"7a8aebc78b7c0dbca264d8b65f3295b3","fullName":"src/test/resources/features/02_register.feature:41","labels":[{"name":"tag","value":"register"},{"name":"tag","value":"TS_register_06"},{"name":"host","value":"harika"},{"name":"thread","value":"1172@harika.main(1)"},{"name":"feature","value":"Validating Register page"},{"name":"story","value":"The user is presented with error message for password mismatch"},{"name":"suite","value":"Validating Register page"},{"name":"testClass","value":"The user is presented with error message for password mismatch"},{"name":"framework","value":"cucumber4jvm"},{"name":"language","value":"java"},{"name":"gherkin_uri","value":"file:///C:/Users/hvlsa/eclipse-workspace/DS_Algo_Project/src/test/resources/features/02_register.feature"},{"name":"package","value":"src.test.resources.features.02_register_feature.Validating Register page"}],"links":[],"name":"The user is presented with error message for password mismatch","status":"failed","statusDetails":{"known":false,"muted":false,"flaky":false,"message":"did not expect [password_mismatch:The two password fields didn’t match.] but found [password_mismatch:The two password fields didn’t match.]","trace":"java.lang.AssertionError: did not expect [password_mismatch:The two password fields didn’t match.] but found [password_mismatch:The two password fields didn’t match.]\r\n\tat org.testng.Assert.fail(Assert.java:111)\r\n\tat org.testng.Assert.failEquals(Assert.java:1582)\r\n\tat org.testng.Assert.assertNotEqualsImpl(Assert.java:157)\r\n\tat org.testng.Assert.assertNotEquals(Assert.java:2198)\r\n\tat org.testng.Assert.assertNotEquals(Assert.java:2220)\r\n\tat stepdefinition.registerPageSD.it_should_display_an_error_message(registerPageSD.java:83)\r\n\tat ✽.It should display an error message \"password_mismatch:The two password fields didn’t match.\"(file:///C:/Users/hvlsa/eclipse-workspace/DS_Algo_Project/src/test/resources/features/02_register.feature:46)\r\n"},"stage":"finished","steps":[{"name":"Given  The user opens Register Page","status":"passed","statusDetails":{"known":false,"muted":false,"flaky":false},"stage":"finished","steps":[],"attachments":[],"parameters":[],"start":1703188969447,"stop":1703188969563},{"name":"When  The user clicks \"Register\" button after entering valid \"username\" and different passwords in \"password\" and \"password confirmation\" fields","status":"passed","statusDetails":{"known":false,"muted":false,"flaky":false},"stage":"finished","steps":[],"attachments":[{"name":"Data table","source":"0d438d50-2200-40a5-b645-8b5d92c42975-attachment.csv","type":"text/tab-separated-values"}],"parameters":[],"start":1703188969564,"stop":1703188970458},{"name":"Then  It should display an error message \"password_mismatch:The two password fields didn’t match.\"","status":"failed","statusDetails":{"known":false,"muted":false,"flaky":false,"message":"did not expect [password_mismatch:The two password fields didn’t match.] but found [password_mismatch:The two password fields didn’t match.]","trace":"java.lang.AssertionError: did not expect [password_mismatch:The two password fields didn’t match.] but found [password_mismatch:The two password fields didn’t match.]\r\n\tat org.testng.Assert.fail(Assert.java:111)\r\n\tat org.testng.Assert.failEquals(Assert.java:1582)\r\n\tat org.testng.Assert.assertNotEqualsImpl(Assert.java:157)\r\n\tat org.testng.Assert.assertNotEquals(Assert.java:2198)\r\n\tat org.testng.Assert.assertNotEquals(Assert.java:2220)\r\n\tat stepdefinition.registerPageSD.it_should_display_an_error_message(registerPageSD.java:83)\r\n\tat ✽.It should display an error message \"password_mismatch:The two password fields didn’t match.\"(file:///C:/Users/hvlsa/eclipse-workspace/DS_Algo_Project/src/test/resources/features/02_register.feature:46)\r\n"},"stage":"finished","steps":[],"attachments":[],"parameters":[],"start":1703188970461,"stop":1703188970537}],"attachments":[],"parameters":[],"start":1703188969445,"stop":1703188970567}